TN:
SF:src\buildDiff.js
FN:3,(anonymous_0)
FN:6,(anonymous_1)
FNF:2
FNH:2
FNDA:50,(anonymous_0)
FNDA:180,(anonymous_1)
DA:3,1
DA:4,50
DA:6,50
DA:7,180
DA:8,50
DA:10,130
DA:11,20
DA:13,110
DA:14,40
DA:16,70
DA:17,40
DA:19,30
LF:12
LH:12
BRDA:7,0,0,50
BRDA:7,0,1,130
BRDA:10,1,0,20
BRDA:10,1,1,110
BRDA:13,2,0,40
BRDA:13,2,1,70
BRDA:13,3,0,110
BRDA:13,3,1,50
BRDA:16,4,0,40
BRDA:16,4,1,30
BRF:10
BRH:10
end_of_record
TN:
SF:src\index.js
FN:7,(anonymous_0)
FN:12,(anonymous_1)
FN:15,(anonymous_2)
FNF:3
FNH:3
FNDA:20,(anonymous_0)
FNDA:20,(anonymous_1)
FNDA:10,(anonymous_2)
DA:7,1
DA:8,20
DA:9,20
DA:12,20
DA:15,1
DA:16,10
DA:17,10
DA:19,10
DA:20,10
DA:21,10
DA:23,10
LF:11
LH:11
BRDA:15,0,0,3
BRF:1
BRH:1
end_of_record
TN:
SF:src\parser.js
FN:9,(anonymous_0)
FNF:1
FNH:1
FNDA:20,(anonymous_0)
DA:3,1
DA:9,1
DA:10,20
DA:11,20
DA:12,0
DA:14,20
LF:6
LH:5
BRDA:11,0,0,0
BRDA:11,0,1,20
BRF:2
BRH:1
end_of_record
TN:
SF:src\formatters\index.js
FN:4,(anonymous_0)
FNF:1
FNH:1
FNDA:10,(anonymous_0)
DA:4,1
DA:5,10
DA:6,3
DA:7,3
DA:8,3
DA:9,1
LF:6
LH:6
BRDA:5,0,0,3
BRDA:5,0,1,3
BRDA:5,0,2,3
BRDA:5,0,3,1
BRF:4
BRH:4
end_of_record
TN:
SF:src\formatters\plain.js
FN:3,(anonymous_0)
FN:10,(anonymous_1)
FN:12,(anonymous_2)
FN:14,(anonymous_3)
FN:15,(anonymous_4)
FNF:5
FNH:5
FNDA:39,(anonymous_0)
FNDA:45,(anonymous_1)
FNDA:15,(anonymous_2)
FNDA:54,(anonymous_3)
FNDA:45,(anonymous_4)
DA:3,1
DA:4,39
DA:5,27
DA:6,6
DA:10,45
DA:12,1
DA:13,15
DA:14,54
DA:16,45
DA:17,45
DA:19,15
DA:21,6
DA:23,12
DA:25,12
DA:27,0
DA:30,15
LF:16
LH:15
BRDA:4,0,0,12
BRDA:4,0,1,27
BRDA:5,1,0,21
BRDA:5,1,1,6
BRDA:10,2,0,33
BRDA:10,2,1,12
BRDA:12,3,0,3
BRDA:17,4,0,15
BRDA:17,4,1,6
BRDA:17,4,2,12
BRDA:17,4,3,12
BRDA:17,4,4,0
BRF:12
BRH:11
end_of_record
TN:
SF:src\formatters\stylish.js
FN:5,(anonymous_0)
FN:7,(anonymous_1)
FN:12,(anonymous_2)
FN:17,(anonymous_3)
FN:19,(anonymous_4)
FNF:5
FNH:5
FNDA:63,(anonymous_0)
FNDA:84,(anonymous_1)
FNDA:30,(anonymous_2)
FNDA:15,(anonymous_3)
FNDA:54,(anonymous_4)
DA:4,1
DA:5,63
DA:7,1
DA:8,84
DA:9,24
DA:10,24
DA:11,24
DA:12,30
DA:14,24
DA:17,1
DA:18,15
DA:19,15
DA:20,54
DA:22,15
DA:24,6
DA:26,12
DA:31,12
DA:33,9
DA:35,0
DA:38,15
LF:20
LH:19
BRDA:8,0,0,60
BRDA:8,0,1,24
BRDA:17,1,0,3
BRDA:20,2,0,15
BRDA:20,2,1,6
BRDA:20,2,2,12
BRDA:20,2,3,12
BRDA:20,2,4,9
BRDA:20,2,5,0
BRF:9
BRH:8
end_of_record
